0 info it worked if it ends with ok
1 verbose cli [ 'node',
1 verbose cli   '/usr/local/lib/node_modules/cnpm/node_modules/.bin/npm',
1 verbose cli   '--userconfig=/Users/zhuowenli/.cnpmrc',
1 verbose cli   '--disturl=https://npm.taobao.org/mirrors/node',
1 verbose cli   '--cache=/Users/zhuowenli/.cnpm',
1 verbose cli   '--registry=https://registry.npm.taobao.org',
1 verbose cli   '--node-gyp=/usr/local/lib/node_modules/cnpm/node_modules/pangyp/bin/node-gyp.js',
1 verbose cli   'install',
1 verbose cli   'sassCore',
1 verbose cli   '--save' ]
2 info using npm@2.14.3
3 info using node@v0.12.2
4 verbose install initial load of /Users/zhuowenli/me/PPT/Front-End-Architecture/demo/sass/package.json
5 warn package.json sass-demo@1.0.0 No README data
6 verbose installManyTop reading scoped package data from /Users/zhuowenli/me/PPT/Front-End-Architecture/demo/sass/node_modules/gulp/package.json
7 verbose installManyTop reading scoped package data from /Users/zhuowenli/me/PPT/Front-End-Architecture/demo/sass/node_modules/gulp-sass/package.json
8 verbose readDependencies loading dependencies from /Users/zhuowenli/me/PPT/Front-End-Architecture/demo/sass/package.json
9 silly cache add args [ 'sassCore', null ]
10 verbose cache add spec sassCore
11 silly cache add parsed spec { raw: 'sassCore',
11 silly cache add   scope: null,
11 silly cache add   name: 'sassCore',
11 silly cache add   rawSpec: '',
11 silly cache add   spec: '*',
11 silly cache add   type: 'range' }
12 silly addNamed sassCore@*
13 verbose addNamed "*" is a valid semver range for sassCore
14 silly addNameRange { name: 'sassCore', range: '*', hasData: false }
15 silly mapToRegistry name sassCore
16 silly mapToRegistry using default registry
17 silly mapToRegistry registry https://registry.npm.taobao.org/
18 silly mapToRegistry uri https://registry.npm.taobao.org/sassCore
19 verbose addNameRange registry:https://registry.npm.taobao.org/sassCore not in flight; fetching
20 verbose request uri https://registry.npm.taobao.org/sassCore
21 verbose request no auth needed
22 info attempt registry request try #1 at 11:38:41
23 verbose request id 17f13d814a426e2d
24 http request GET https://registry.npm.taobao.org/sassCore
25 http 404 https://registry.npm.taobao.org/sassCore
26 verbose headers { 'content-type': 'application/json',
26 verbose headers   'cache-control': 'max-age=0',
26 verbose headers   'content-length': '2',
26 verbose headers   'accept-ranges': 'bytes',
26 verbose headers   date: 'Thu, 26 Nov 2015 03:38:45 GMT',
26 verbose headers   via: '1.1 varnish',
26 verbose headers   age: '0',
26 verbose headers   connection: 'close',
26 verbose headers   'x-served-by': 'cache-sjc3132-SJC',
26 verbose headers   'x-cache': 'MISS',
26 verbose headers   'x-cache-hits': '0',
26 verbose headers   'x-timer': 'S1448509124.705768,VS0,VE351' }
27 silly get cb [ 404,
27 silly get   { 'content-type': 'application/json',
27 silly get     'cache-control': 'max-age=0',
27 silly get     'content-length': '2',
27 silly get     'accept-ranges': 'bytes',
27 silly get     date: 'Thu, 26 Nov 2015 03:38:45 GMT',
27 silly get     via: '1.1 varnish',
27 silly get     age: '0',
27 silly get     connection: 'close',
27 silly get     'x-served-by': 'cache-sjc3132-SJC',
27 silly get     'x-cache': 'MISS',
27 silly get     'x-cache-hits': '0',
27 silly get     'x-timer': 'S1448509124.705768,VS0,VE351' } ]
28 verbose stack Error: Registry returned 404 for GET on https://registry.npm.taobao.org/sassCore
28 verbose stack     at makeError (/usr/local/lib/node_modules/cnpm/node_modules/npm/node_modules/npm-registry-client/lib/request.js:263:12)
28 verbose stack     at CachingRegistryClient.<anonymous> (/usr/local/lib/node_modules/cnpm/node_modules/npm/node_modules/npm-registry-client/lib/request.js:241:14)
28 verbose stack     at Request._callback (/usr/local/lib/node_modules/cnpm/node_modules/npm/node_modules/npm-registry-client/lib/request.js:171:14)
28 verbose stack     at Request.self.callback (/usr/local/lib/node_modules/cnpm/node_modules/npm/node_modules/request/request.js:198:22)
28 verbose stack     at Request.emit (events.js:110:17)
28 verbose stack     at Request.<anonymous> (/usr/local/lib/node_modules/cnpm/node_modules/npm/node_modules/request/request.js:1073:14)
28 verbose stack     at Request.emit (events.js:129:20)
28 verbose stack     at IncomingMessage.<anonymous> (/usr/local/lib/node_modules/cnpm/node_modules/npm/node_modules/request/request.js:1019:12)
28 verbose stack     at IncomingMessage.emit (events.js:129:20)
28 verbose stack     at _stream_readable.js:908:16
29 verbose statusCode 404
30 verbose pkgid sassCore
31 verbose cwd /Users/zhuowenli/me/PPT/Front-End-Architecture/demo/sass
32 error Darwin 15.0.0
33 error argv "node" "/usr/local/lib/node_modules/cnpm/node_modules/.bin/npm" "--userconfig=/Users/zhuowenli/.cnpmrc" "--disturl=https://npm.taobao.org/mirrors/node" "--cache=/Users/zhuowenli/.cnpm" "--registry=https://registry.npm.taobao.org" "--node-gyp=/usr/local/lib/node_modules/cnpm/node_modules/pangyp/bin/node-gyp.js" "install" "sassCore" "--save"
34 error node v0.12.2
35 error npm  v2.14.3
36 error code E404
37 error 404 Registry returned 404 for GET on https://registry.npm.taobao.org/sassCore
37 error 404
37 error 404 'sassCore' is not in the npm registry.
37 error 404 Your package name is not valid, because
37 error 404
37 error 404  1. name can no longer contain capital letters
37 error 404 It was specified as a dependency of 'sass-demo'
37 error 404
37 error 404 Note that you can also install from a
37 error 404 tarball, folder, http url, or git url.
38 verbose exit [ 1, true ]
